<?xml version="1.0" encoding="UTF-8"?>
<!-- Generated by org.testng.reporters.JUnitReportReporter -->
<testsuite hostname="LAPTOP-SSDS6GEK" failures="0" tests="1" name="Testcase.TestWithPOM" time="2.145" errors="0" timestamp="2023-10-30T17:26:36 EDT" skipped="0">
  <testcase classname="Testcase.TestWithPOM" name="LoginTest" time="2.145"/>
  <system-out/>
</testsuite> <!-- Testcase.TestWithPOM -->
